Performing C SOURCE FILE Test CMAKE_HAVE_LIBC_PTHREAD failed with the following output:
Change Dir: /home/robot/Desktop/connection_ws/src/connection_node/cmake-build-debug/CMakeFiles/CMakeTmp

Run Build Command(s):/usr/bin/make cmTC_efbc6/fast && /usr/bin/make -f CMakeFiles/cmTC_efbc6.dir/build.make CMakeFiles/cmTC_efbc6.dir/build
make[1]: Entering directory '/home/robot/Desktop/connection_ws/src/connection_node/cmake-build-debug/CMakeFiles/CMakeTmp'
Building C object CMakeFiles/cmTC_efbc6.dir/src.c.o
/usr/bin/cc   -DCMAKE_HAVE_LIBC_PTHREAD   -o CMakeFiles/cmTC_efbc6.dir/src.c.o   -c /home/robot/Desktop/connection_ws/src/connection_node/cmake-build-debug/CMakeFiles/CMakeTmp/src.c
Linking C executable cmTC_efbc6
/home/robot/Downloads/clion-2020.1.3/bin/cmake/linux/bin/cmake -E cmake_link_script CMakeFiles/cmTC_efbc6.dir/link.txt --verbose=1
/usr/bin/cc  -DCMAKE_HAVE_LIBC_PTHREAD    -rdynamic CMakeFiles/cmTC_efbc6.dir/src.c.o  -o cmTC_efbc6 
CMakeFiles/cmTC_efbc6.dir/src.c.o: In function `main':
src.c:(.text+0x3c): undefined reference to `pthread_create'
src.c:(.text+0x48): undefined reference to `pthread_detach'
src.c:(.text+0x59): undefined reference to `pthread_join'
src.c:(.text+0x6d): undefined reference to `pthread_atfork'
collect2: error: ld returned 1 exit status
CMakeFiles/cmTC_efbc6.dir/build.make:86: recipe for target 'cmTC_efbc6' failed
make[1]: *** [cmTC_efbc6] Error 1
make[1]: Leaving directory '/home/robot/Desktop/connection_ws/src/connection_node/cmake-build-debug/CMakeFiles/CMakeTmp'
Makefile:121: recipe for target 'cmTC_efbc6/fast' failed
make: *** [cmTC_efbc6/fast] Error 2


Source file was:
#include <pthread.h>

void* test_func(void* data)
{
  return data;
}

int main(void)
{
  pthread_t thread;
  pthread_create(&thread, NULL, test_func, NULL);
  pthread_detach(thread);
  pthread_join(thread, NULL);
  pthread_atfork(NULL, NULL, NULL);
  pthread_exit(NULL);

  return 0;
}

Determining if the function pthread_create exists in the pthreads failed with the following output:
Change Dir: /home/robot/Desktop/connection_ws/src/connection_node/cmake-build-debug/CMakeFiles/CMakeTmp

Run Build Command(s):/usr/bin/make cmTC_6757e/fast && /usr/bin/make -f CMakeFiles/cmTC_6757e.dir/build.make CMakeFiles/cmTC_6757e.dir/build
make[1]: Entering directory '/home/robot/Desktop/connection_ws/src/connection_node/cmake-build-debug/CMakeFiles/CMakeTmp'
Building C object CMakeFiles/cmTC_6757e.dir/CheckFunctionExists.c.o
/usr/bin/cc   -DCHECK_FUNCTION_EXISTS=pthread_create   -o CMakeFiles/cmTC_6757e.dir/CheckFunctionExists.c.o   -c /home/robot/Downloads/clion-2020.1.3/bin/cmake/linux/share/cmake-3.16/Modules/CheckFunctionExists.c
Linking C executable cmTC_6757e
/home/robot/Downloads/clion-2020.1.3/bin/cmake/linux/bin/cmake -E cmake_link_script CMakeFiles/cmTC_6757e.dir/link.txt --verbose=1
/usr/bin/cc  -DCHECK_FUNCTION_EXISTS=pthread_create    -rdynamic CMakeFiles/cmTC_6757e.dir/CheckFunctionExists.c.o  -o cmTC_6757e  -lpthreads 
/usr/bin/ld: cannot find -lpthreads
collect2: error: ld returned 1 exit status
CMakeFiles/cmTC_6757e.dir/build.make:86: recipe for target 'cmTC_6757e' failed
make[1]: *** [cmTC_6757e] Error 1
make[1]: Leaving directory '/home/robot/Desktop/connection_ws/src/connection_node/cmake-build-debug/CMakeFiles/CMakeTmp'
Makefile:121: recipe for target 'cmTC_6757e/fast' failed
make: *** [cmTC_6757e/fast] Error 2



